[0.014s] Invoking command in '/home/mrxiuer/my_bot/build/my_bot': CMAKE_PREFIX_PATH=${CMAKE_PREFIX_PATH}:/home/mrxiuer/joint_state_publisher/install/joint_state_publisher_gui:/home/mrxiuer/joint_state_publisher/install/joint_state_publisher DEBUGINFOD_URLS=https://debuginfod.archlinux.org _=/usr/bin/env /usr/bin/cmake --build /home/mrxiuer/my_bot/build/my_bot -- -j16 -l16
[0.054s] Invoked command in '/home/mrxiuer/my_bot/build/my_bot' returned '0': CMAKE_PREFIX_PATH=${CMAKE_PREFIX_PATH}:/home/mrxiuer/joint_state_publisher/install/joint_state_publisher_gui:/home/mrxiuer/joint_state_publisher/install/joint_state_publisher DEBUGINFOD_URLS=https://debuginfod.archlinux.org _=/usr/bin/env /usr/bin/cmake --build /home/mrxiuer/my_bot/build/my_bot -- -j16 -l16
[0.087s] Invoking command in '/home/mrxiuer/my_bot/build/my_bot': CMAKE_PREFIX_PATH=${CMAKE_PREFIX_PATH}:/home/mrxiuer/joint_state_publisher/install/joint_state_publisher_gui:/home/mrxiuer/joint_state_publisher/install/joint_state_publisher DEBUGINFOD_URLS=https://debuginfod.archlinux.org _=/usr/bin/env /usr/bin/cmake --install /home/mrxiuer/my_bot/build/my_bot
[0.093s] -- Install configuration: ""
[0.093s] -- Up-to-date: /home/mrxiuer/my_bot/install/my_bot/share/my_bot/config
[0.093s] -- Up-to-date: /home/mrxiuer/my_bot/install/my_bot/share/my_bot/config/empty.yaml
[0.093s] -- Up-to-date: /home/mrxiuer/my_bot/install/my_bot/share/my_bot/config/view_bot.rviz
[0.093s] -- Up-to-date: /home/mrxiuer/my_bot/install/my_bot/share/my_bot/description
[0.094s] -- Up-to-date: /home/mrxiuer/my_bot/install/my_bot/share/my_bot/description/robot.urdf.xacro
[0.094s] -- Up-to-date: /home/mrxiuer/my_bot/install/my_bot/share/my_bot/description/inertial_macros.xacro
[0.094s] -- Installing: /home/mrxiuer/my_bot/install/my_bot/share/my_bot/description/robot_core.xacro
[0.094s] -- Up-to-date: /home/mrxiuer/my_bot/install/my_bot/share/my_bot/launch
[0.094s] -- Up-to-date: /home/mrxiuer/my_bot/install/my_bot/share/my_bot/launch/rsp.launch.py
[0.094s] -- Up-to-date: /home/mrxiuer/my_bot/install/my_bot/share/my_bot/launch/launch_sim.launch.py
[0.094s] -- Up-to-date: /home/mrxiuer/my_bot/install/my_bot/share/my_bot/worlds
[0.094s] -- Up-to-date: /home/mrxiuer/my_bot/install/my_bot/share/my_bot/worlds/empty.world
[0.094s] -- Up-to-date: /home/mrxiuer/my_bot/install/my_bot/share/ament_index/resource_index/package_run_dependencies/my_bot
[0.094s] -- Up-to-date: /home/mrxiuer/my_bot/install/my_bot/share/ament_index/resource_index/parent_prefix_path/my_bot
[0.094s] -- Up-to-date: /home/mrxiuer/my_bot/install/my_bot/share/my_bot/environment/ament_prefix_path.sh
[0.094s] -- Up-to-date: /home/mrxiuer/my_bot/install/my_bot/share/my_bot/environment/ament_prefix_path.dsv
[0.094s] -- Up-to-date: /home/mrxiuer/my_bot/install/my_bot/share/my_bot/environment/path.sh
[0.094s] -- Up-to-date: /home/mrxiuer/my_bot/install/my_bot/share/my_bot/environment/path.dsv
[0.095s] -- Up-to-date: /home/mrxiuer/my_bot/install/my_bot/share/my_bot/local_setup.bash
[0.095s] -- Up-to-date: /home/mrxiuer/my_bot/install/my_bot/share/my_bot/local_setup.sh
[0.095s] -- Up-to-date: /home/mrxiuer/my_bot/install/my_bot/share/my_bot/local_setup.zsh
[0.095s] -- Up-to-date: /home/mrxiuer/my_bot/install/my_bot/share/my_bot/local_setup.dsv
[0.095s] -- Installing: /home/mrxiuer/my_bot/install/my_bot/share/my_bot/package.dsv
[0.095s] -- Up-to-date: /home/mrxiuer/my_bot/install/my_bot/share/ament_index/resource_index/packages/my_bot
[0.095s] -- Up-to-date: /home/mrxiuer/my_bot/install/my_bot/share/my_bot/cmake/my_botConfig.cmake
[0.095s] -- Up-to-date: /home/mrxiuer/my_bot/install/my_bot/share/my_bot/cmake/my_botConfig-version.cmake
[0.095s] -- Up-to-date: /home/mrxiuer/my_bot/install/my_bot/share/my_bot/package.xml
[0.096s] Invoked command in '/home/mrxiuer/my_bot/build/my_bot' returned '0': CMAKE_PREFIX_PATH=${CMAKE_PREFIX_PATH}:/home/mrxiuer/joint_state_publisher/install/joint_state_publisher_gui:/home/mrxiuer/joint_state_publisher/install/joint_state_publisher DEBUGINFOD_URLS=https://debuginfod.archlinux.org _=/usr/bin/env /usr/bin/cmake --install /home/mrxiuer/my_bot/build/my_bot
