[0.146s] DEBUG:colcon:Command line arguments: ['/usr/bin/colcon', 'build']
[0.146s] DEBUG:colcon:Parsed command line arguments: Namespace(log_base=None, log_level=None, verb_name='build', build_base='build', install_base='install', merge_install=False, symlink_install=False, test_result_base=None, continue_on_error=False, executor='parallel', parallel_workers=16, event_handlers=None, ignore_user_meta=False, metas=['./colcon.meta'], base_paths=['.'], packages_ignore=None, packages_ignore_regex=None, paths=None, packages_up_to=None, packages_up_to_regex=None, packages_above=None, packages_above_and_dependencies=None, packages_above_depth=None, packages_select_by_dep=None, packages_skip_by_dep=None, packages_skip_up_to=None, packages_select_build_failed=False, packages_skip_build_finished=False, packages_select_test_failures=False, packages_skip_test_passed=False, packages_select=None, packages_skip=None, packages_select_regex=None, packages_skip_regex=None, packages_start=None, packages_end=None, cmake_args=None, cmake_target=None, cmake_target_skip_unavailable=False, cmake_clean_cache=False, cmake_clean_first=False, cmake_force_configure=False, ament_cmake_args=None, catkin_cmake_args=None, catkin_skip_building_tests=False, verb_parser=<colcon_defaults.argument_parser.defaults.DefaultArgumentsDecorator object at 0x799de3776f30>, verb_extension=<colcon_core.verb.build.BuildVerb object at 0x799de38a6090>, main=<bound method BuildVerb.main of <colcon_core.verb.build.BuildVerb object at 0x799de38a6090>>)
[0.178s] Level 1:colcon.colcon_core.package_discovery:discover_packages(colcon_meta) check parameters
[0.178s] Level 1:colcon.colcon_core.package_discovery:discover_packages(recursive) check parameters
[0.178s] Level 1:colcon.colcon_core.package_discovery:discover_packages(ignore) check parameters
[0.178s] Level 1:colcon.colcon_core.package_discovery:discover_packages(path) check parameters
[0.178s] Level 1:colcon.colcon_core.package_discovery:discover_packages(colcon_meta) discover
[0.178s] Level 1:colcon.colcon_core.package_discovery:discover_packages(recursive) discover
[0.178s] INFO:colcon.colcon_core.package_discovery:Crawling recursively for packages in '/home/mrxiuer/my_bot'
[0.178s] Level 1:colcon.colcon_core.package_identification:_identify(.) by extensions ['ignore', 'ignore_ament_install']
[0.178s] Level 1:colcon.colcon_core.package_identification:_identify(.) by extension 'ignore'
[0.178s] Level 1:colcon.colcon_core.package_identification:_identify(.) by extension 'ignore_ament_install'
[0.178s] Level 1:colcon.colcon_core.package_identification:_identify(.) by extensions ['colcon_pkg']
[0.178s] Level 1:colcon.colcon_core.package_identification:_identify(.) by extension 'colcon_pkg'
[0.178s] Level 1:colcon.colcon_core.package_identification:_identify(.) by extensions ['colcon_meta']
[0.178s] Level 1:colcon.colcon_core.package_identification:_identify(.) by extension 'colcon_meta'
[0.178s] Level 1:colcon.colcon_core.package_identification:_identify(.) by extensions ['ros']
[0.178s] Level 1:colcon.colcon_core.package_identification:_identify(.) by extension 'ros'
[0.207s] DEBUG:colcon.colcon_core.package_identification:Package '.' with type 'ros.ament_cmake' and name 'my_bot'
[0.207s] Level 1:colcon.colcon_core.package_discovery:discover_packages(recursive) using defaults
[0.207s] Level 1:colcon.colcon_core.package_discovery:discover_packages(ignore) discover
[0.207s] Level 1:colcon.colcon_core.package_discovery:discover_packages(ignore) using defaults
[0.207s] Level 1:colcon.colcon_core.package_discovery:discover_packages(path) discover
[0.207s] Level 1:colcon.colcon_core.package_discovery:discover_packages(path) using defaults
[0.222s] Level 5:colcon.colcon_core.verb:set package 'my_bot' build argument 'cmake_args' from command line to 'None'
[0.223s] Level 5:colcon.colcon_core.verb:set package 'my_bot' build argument 'cmake_target' from command line to 'None'
[0.223s] Level 5:colcon.colcon_core.verb:set package 'my_bot' build argument 'cmake_target_skip_unavailable' from command line to 'False'
[0.223s] Level 5:colcon.colcon_core.verb:set package 'my_bot' build argument 'cmake_clean_cache' from command line to 'False'
[0.223s] Level 5:colcon.colcon_core.verb:set package 'my_bot' build argument 'cmake_clean_first' from command line to 'False'
[0.223s] Level 5:colcon.colcon_core.verb:set package 'my_bot' build argument 'cmake_force_configure' from command line to 'False'
[0.223s] Level 5:colcon.colcon_core.verb:set package 'my_bot' build argument 'ament_cmake_args' from command line to 'None'
[0.223s] Level 5:colcon.colcon_core.verb:set package 'my_bot' build argument 'catkin_cmake_args' from command line to 'None'
[0.223s] Level 5:colcon.colcon_core.verb:set package 'my_bot' build argument 'catkin_skip_building_tests' from command line to 'False'
[0.223s] DEBUG:colcon.colcon_core.verb:Building package 'my_bot' with the following arguments: {'ament_cmake_args': None, 'build_base': '/home/mrxiuer/my_bot/build/my_bot', 'catkin_cmake_args': None, 'catkin_skip_building_tests': False, 'cmake_args': None, 'cmake_clean_cache': False, 'cmake_clean_first': False, 'cmake_force_configure': False, 'cmake_target': None, 'cmake_target_skip_unavailable': False, 'install_base': '/home/mrxiuer/my_bot/install/my_bot', 'merge_install': False, 'path': '/home/mrxiuer/my_bot', 'symlink_install': False, 'test_result_base': None}
[0.223s] INFO:colcon.colcon_core.executor:Executing jobs using 'parallel' executor
[0.224s] DEBUG:colcon.colcon_parallel_executor.executor.parallel:run_until_complete
[0.224s] INFO:colcon.colcon_ros.task.ament_cmake.build:Building ROS package in '/home/mrxiuer/my_bot' with build type 'ament_cmake'
[0.224s] INFO:colcon.colcon_cmake.task.cmake.build:Building CMake package in '/home/mrxiuer/my_bot'
[0.228s] INFO:colcon.colcon_core.plugin_system:Skipping extension 'colcon_core.shell.bat': Not used on non-Windows systems
[0.228s] INFO:colcon.colcon_core.shell:Skip shell extension 'powershell' for command environment: Not usable outside of PowerShell
[0.228s] DEBUG:colcon.colcon_core.shell:Skip shell extension 'dsv' for command environment
[0.239s] DEBUG:colcon.colcon_core.event_handler.log_command:Invoking command in '/home/mrxiuer/my_bot/build/my_bot': CMAKE_PREFIX_PATH=${CMAKE_PREFIX_PATH}:/home/mrxiuer/joint_state_publisher/install/joint_state_publisher_gui:/home/mrxiuer/joint_state_publisher/install/joint_state_publisher DEBUGINFOD_URLS=https://debuginfod.archlinux.org _=/usr/bin/env /usr/bin/cmake --build /home/mrxiuer/my_bot/build/my_bot -- -j16 -l16
[0.279s] DEBUG:colcon.colcon_core.event_handler.log_command:Invoked command in '/home/mrxiuer/my_bot/build/my_bot' returned '0': CMAKE_PREFIX_PATH=${CMAKE_PREFIX_PATH}:/home/mrxiuer/joint_state_publisher/install/joint_state_publisher_gui:/home/mrxiuer/joint_state_publisher/install/joint_state_publisher DEBUGINFOD_URLS=https://debuginfod.archlinux.org _=/usr/bin/env /usr/bin/cmake --build /home/mrxiuer/my_bot/build/my_bot -- -j16 -l16
[0.312s] DEBUG:colcon.colcon_core.event_handler.log_command:Invoking command in '/home/mrxiuer/my_bot/build/my_bot': CMAKE_PREFIX_PATH=${CMAKE_PREFIX_PATH}:/home/mrxiuer/joint_state_publisher/install/joint_state_publisher_gui:/home/mrxiuer/joint_state_publisher/install/joint_state_publisher DEBUGINFOD_URLS=https://debuginfod.archlinux.org _=/usr/bin/env /usr/bin/cmake --install /home/mrxiuer/my_bot/build/my_bot
[0.320s] Level 1:colcon.colcon_core.environment:create_environment_scripts_only(my_bot)
[0.320s] DEBUG:colcon.colcon_core.event_handler.log_command:Invoked command in '/home/mrxiuer/my_bot/build/my_bot' returned '0': CMAKE_PREFIX_PATH=${CMAKE_PREFIX_PATH}:/home/mrxiuer/joint_state_publisher/install/joint_state_publisher_gui:/home/mrxiuer/joint_state_publisher/install/joint_state_publisher DEBUGINFOD_URLS=https://debuginfod.archlinux.org _=/usr/bin/env /usr/bin/cmake --install /home/mrxiuer/my_bot/build/my_bot
[0.324s] Level 1:colcon.colcon_core.environment:checking '/home/mrxiuer/my_bot/install/my_bot' for CMake module files
[0.325s] Level 1:colcon.colcon_core.environment:checking '/home/mrxiuer/my_bot/install/my_bot' for CMake config files
[0.325s] Level 1:colcon.colcon_core.shell:create_environment_hook('my_bot', 'cmake_prefix_path')
[0.325s] INFO:colcon.colcon_core.shell:Creating environment hook '/home/mrxiuer/my_bot/install/my_bot/share/my_bot/hook/cmake_prefix_path.ps1'
[0.326s] INFO:colcon.colcon_core.shell:Creating environment descriptor '/home/mrxiuer/my_bot/install/my_bot/share/my_bot/hook/cmake_prefix_path.dsv'
[0.326s] INFO:colcon.colcon_core.shell:Creating environment hook '/home/mrxiuer/my_bot/install/my_bot/share/my_bot/hook/cmake_prefix_path.sh'
[0.327s] Level 1:colcon.colcon_core.environment:checking '/home/mrxiuer/my_bot/install/my_bot/bin'
[0.327s] Level 1:colcon.colcon_core.environment:checking '/home/mrxiuer/my_bot/install/my_bot/lib/pkgconfig/my_bot.pc'
[0.329s] Level 1:colcon.colcon_core.environment:checking '/home/mrxiuer/my_bot/install/my_bot/lib/python3.12/site-packages'
[0.329s] Level 1:colcon.colcon_core.environment:checking '/home/mrxiuer/my_bot/install/my_bot/bin'
[0.329s] INFO:colcon.colcon_core.shell:Creating package script '/home/mrxiuer/my_bot/install/my_bot/share/my_bot/package.ps1'
[0.330s] INFO:colcon.colcon_core.shell:Creating package descriptor '/home/mrxiuer/my_bot/install/my_bot/share/my_bot/package.dsv'
[0.330s] INFO:colcon.colcon_core.shell:Creating package script '/home/mrxiuer/my_bot/install/my_bot/share/my_bot/package.sh'
[0.331s] INFO:colcon.colcon_core.shell:Creating package script '/home/mrxiuer/my_bot/install/my_bot/share/my_bot/package.bash'
[0.331s] INFO:colcon.colcon_core.shell:Creating package script '/home/mrxiuer/my_bot/install/my_bot/share/my_bot/package.zsh'
[0.332s] Level 1:colcon.colcon_core.environment:create_file_with_runtime_dependencies(/home/mrxiuer/my_bot/install/my_bot/share/colcon-core/packages/my_bot)
[0.356s] Level 1:colcon.colcon_core.environment:create_environment_scripts_only(my_bot)
[0.357s] Level 1:colcon.colcon_core.environment:checking '/home/mrxiuer/my_bot/install/my_bot' for CMake module files
[0.357s] Level 1:colcon.colcon_core.environment:checking '/home/mrxiuer/my_bot/install/my_bot' for CMake config files
[0.357s] Level 1:colcon.colcon_core.shell:create_environment_hook('my_bot', 'cmake_prefix_path')
[0.357s] INFO:colcon.colcon_core.shell:Creating environment hook '/home/mrxiuer/my_bot/install/my_bot/share/my_bot/hook/cmake_prefix_path.ps1'
[0.358s] INFO:colcon.colcon_core.shell:Creating environment descriptor '/home/mrxiuer/my_bot/install/my_bot/share/my_bot/hook/cmake_prefix_path.dsv'
[0.358s] INFO:colcon.colcon_core.shell:Creating environment hook '/home/mrxiuer/my_bot/install/my_bot/share/my_bot/hook/cmake_prefix_path.sh'
[0.358s] Level 1:colcon.colcon_core.environment:checking '/home/mrxiuer/my_bot/install/my_bot/bin'
[0.359s] Level 1:colcon.colcon_core.environment:checking '/home/mrxiuer/my_bot/install/my_bot/lib/pkgconfig/my_bot.pc'
[0.359s] Level 1:colcon.colcon_core.environment:checking '/home/mrxiuer/my_bot/install/my_bot/lib/python3.12/site-packages'
[0.359s] Level 1:colcon.colcon_core.environment:checking '/home/mrxiuer/my_bot/install/my_bot/bin'
[0.359s] INFO:colcon.colcon_core.shell:Creating package script '/home/mrxiuer/my_bot/install/my_bot/share/my_bot/package.ps1'
[0.359s] INFO:colcon.colcon_core.shell:Creating package descriptor '/home/mrxiuer/my_bot/install/my_bot/share/my_bot/package.dsv'
[0.360s] INFO:colcon.colcon_core.shell:Creating package script '/home/mrxiuer/my_bot/install/my_bot/share/my_bot/package.sh'
[0.360s] INFO:colcon.colcon_core.shell:Creating package script '/home/mrxiuer/my_bot/install/my_bot/share/my_bot/package.bash'
[0.360s] INFO:colcon.colcon_core.shell:Creating package script '/home/mrxiuer/my_bot/install/my_bot/share/my_bot/package.zsh'
[0.361s] Level 1:colcon.colcon_core.environment:create_file_with_runtime_dependencies(/home/mrxiuer/my_bot/install/my_bot/share/colcon-core/packages/my_bot)
[0.361s] DEBUG:colcon.colcon_parallel_executor.executor.parallel:closing loop
[0.361s] DEBUG:colcon.colcon_parallel_executor.executor.parallel:loop closed
[0.361s] DEBUG:colcon.colcon_parallel_executor.executor.parallel:run_until_complete finished with '0'
[0.361s] DEBUG:colcon.colcon_core.event_reactor:joining thread
[0.368s] INFO:colcon.colcon_core.plugin_system:Skipping extension 'colcon_notification.desktop_notification.terminal_notifier': Not used on non-Darwin systems
[0.368s] INFO:colcon.colcon_core.plugin_system:Skipping extension 'colcon_notification.desktop_notification.win32': Not used on non-Windows systems
[0.368s] INFO:colcon.colcon_notification.desktop_notification:Sending desktop notification using 'notify2'
[0.400s] DEBUG:colcon.colcon_core.event_reactor:joined thread
[0.400s] INFO:colcon.colcon_core.shell:Creating prefix script '/home/mrxiuer/my_bot/install/local_setup.ps1'
[0.401s] INFO:colcon.colcon_core.shell:Creating prefix util module '/home/mrxiuer/my_bot/install/_local_setup_util_ps1.py'
[0.402s] INFO:colcon.colcon_core.shell:Creating prefix chain script '/home/mrxiuer/my_bot/install/setup.ps1'
[0.403s] INFO:colcon.colcon_core.shell:Creating prefix script '/home/mrxiuer/my_bot/install/local_setup.sh'
[0.403s] INFO:colcon.colcon_core.shell:Creating prefix util module '/home/mrxiuer/my_bot/install/_local_setup_util_sh.py'
[0.404s] INFO:colcon.colcon_core.shell:Creating prefix chain script '/home/mrxiuer/my_bot/install/setup.sh'
[0.405s] INFO:colcon.colcon_core.shell:Creating prefix script '/home/mrxiuer/my_bot/install/local_setup.bash'
[0.405s] INFO:colcon.colcon_core.shell:Creating prefix chain script '/home/mrxiuer/my_bot/install/setup.bash'
[0.406s] INFO:colcon.colcon_core.shell:Creating prefix script '/home/mrxiuer/my_bot/install/local_setup.zsh'
[0.406s] INFO:colcon.colcon_core.shell:Creating prefix chain script '/home/mrxiuer/my_bot/install/setup.zsh'
