[0.013s] Invoking command in '/home/mrxiuer/my_bot/build/my_bot': DEBUGINFOD_URLS=https://debuginfod.archlinux.org _=/usr/bin/env /usr/bin/cmake /home/mrxiuer/my_bot -DCMAKE_INSTALL_PREFIX=/home/mrxiuer/my_bot/install/my_bot
[0.065s] -- The C compiler identification is GNU 13.2.1
[0.134s] -- The CXX compiler identification is GNU 13.2.1
[0.145s] -- Detecting C compiler ABI info
[0.211s] -- Detecting C compiler ABI info - done
[0.223s] -- Check for working C compiler: /usr/bin/cc - skipped
[0.223s] -- Detecting C compile features
[0.224s] -- Detecting C compile features - done
[0.226s] -- Detecting CXX compiler ABI info
[0.313s] -- Detecting CXX compiler ABI info - done
[0.325s] -- Check for working CXX compiler: /usr/bin/c++ - skipped
[0.325s] -- Detecting CXX compile features
[0.325s] -- Detecting CXX compile features - done
[0.328s] -- Found ament_cmake: 1.3.8 (/opt/ros/humble/share/ament_cmake/cmake)
[0.422s] -- Found Python3: /usr/bin/python3 (found version "3.12.3") found components: Interpreter
[0.510s] -- Found ament_lint_auto: 0.12.10 (/opt/ros/humble/share/ament_lint_auto/cmake)
[0.592s] -- Added test 'copyright' to check source files copyright and LICENSE
[0.598s] -- Added test 'cppcheck' to perform static code analysis on C / C++ code
[0.598s] -- Configured cppcheck include dirs: 
[0.598s] -- Configured cppcheck exclude dirs and/or files: 
[0.604s] -- Added test 'cpplint' to check C / C++ code against the Google style
[0.604s] -- Configured cpplint exclude dirs and/or files: 
[0.605s] -- Added test 'flake8' to check Python code syntax and style conventions
[0.607s] -- Added test 'lint_cmake' to check CMake code style
[0.608s] -- Added test 'pep257' to check Python code against some of the docstring style conventions in PEP 257
[0.615s] -- Added test 'uncrustify' to check C / C++ code style
[0.615s] -- Configured uncrustify additional arguments: 
[0.616s] -- Added test 'xmllint' to check XML markup files
[0.617s] -- Configuring done (0.6s)
[0.619s] -- Generating done (0.0s)
[0.620s] -- Build files have been written to: /home/mrxiuer/my_bot/build/my_bot
[0.624s] Invoked command in '/home/mrxiuer/my_bot/build/my_bot' returned '0': DEBUGINFOD_URLS=https://debuginfod.archlinux.org _=/usr/bin/env /usr/bin/cmake /home/mrxiuer/my_bot -DCMAKE_INSTALL_PREFIX=/home/mrxiuer/my_bot/install/my_bot
[0.625s] Invoking command in '/home/mrxiuer/my_bot/build/my_bot': DEBUGINFOD_URLS=https://debuginfod.archlinux.org _=/usr/bin/env /usr/bin/cmake --build /home/mrxiuer/my_bot/build/my_bot -- -j16 -l16
[0.658s] Invoked command in '/home/mrxiuer/my_bot/build/my_bot' returned '0': DEBUGINFOD_URLS=https://debuginfod.archlinux.org _=/usr/bin/env /usr/bin/cmake --build /home/mrxiuer/my_bot/build/my_bot -- -j16 -l16
[0.703s] Invoking command in '/home/mrxiuer/my_bot/build/my_bot': DEBUGINFOD_URLS=https://debuginfod.archlinux.org _=/usr/bin/env /usr/bin/cmake --install /home/mrxiuer/my_bot/build/my_bot
[0.709s] -- Install configuration: ""
[0.710s] -- Installing: /home/mrxiuer/my_bot/install/my_bot/share/my_bot/config
[0.710s] -- Installing: /home/mrxiuer/my_bot/install/my_bot/share/my_bot/config/empty.yaml
[0.710s] -- Installing: /home/mrxiuer/my_bot/install/my_bot/share/my_bot/config/view_bot.rviz
[0.710s] -- Installing: /home/mrxiuer/my_bot/install/my_bot/share/my_bot/description
[0.710s] -- Installing: /home/mrxiuer/my_bot/install/my_bot/share/my_bot/description/robot.urdf.xacro
[0.710s] -- Installing: /home/mrxiuer/my_bot/install/my_bot/share/my_bot/description/inertial_macros.xacro
[0.710s] -- Installing: /home/mrxiuer/my_bot/install/my_bot/share/my_bot/description/robot_core.xacro
[0.710s] -- Installing: /home/mrxiuer/my_bot/install/my_bot/share/my_bot/launch
[0.711s] -- Installing: /home/mrxiuer/my_bot/install/my_bot/share/my_bot/launch/rsp.launch.py
[0.711s] -- Installing: /home/mrxiuer/my_bot/install/my_bot/share/my_bot/worlds
[0.711s] -- Installing: /home/mrxiuer/my_bot/install/my_bot/share/my_bot/worlds/empty.world
[0.711s] -- Installing: /home/mrxiuer/my_bot/install/my_bot/share/ament_index/resource_index/package_run_dependencies/my_bot
[0.711s] -- Installing: /home/mrxiuer/my_bot/install/my_bot/share/ament_index/resource_index/parent_prefix_path/my_bot
[0.711s] -- Installing: /home/mrxiuer/my_bot/install/my_bot/share/my_bot/environment/ament_prefix_path.sh
[0.712s] -- Installing: /home/mrxiuer/my_bot/install/my_bot/share/my_bot/environment/ament_prefix_path.dsv
[0.712s] -- Installing: /home/mrxiuer/my_bot/install/my_bot/share/my_bot/environment/path.sh
[0.712s] -- Installing: /home/mrxiuer/my_bot/install/my_bot/share/my_bot/environment/path.dsv
[0.712s] -- Installing: /home/mrxiuer/my_bot/install/my_bot/share/my_bot/local_setup.bash
[0.712s] -- Installing: /home/mrxiuer/my_bot/install/my_bot/share/my_bot/local_setup.sh
[0.712s] -- Installing: /home/mrxiuer/my_bot/install/my_bot/share/my_bot/local_setup.zsh
[0.712s] -- Installing: /home/mrxiuer/my_bot/install/my_bot/share/my_bot/local_setup.dsv
[0.713s] -- Installing: /home/mrxiuer/my_bot/install/my_bot/share/my_bot/package.dsv
[0.713s] -- Installing: /home/mrxiuer/my_bot/install/my_bot/share/ament_index/resource_index/packages/my_bot
[0.713s] -- Installing: /home/mrxiuer/my_bot/install/my_bot/share/my_bot/cmake/my_botConfig.cmake
[0.713s] -- Installing: /home/mrxiuer/my_bot/install/my_bot/share/my_bot/cmake/my_botConfig-version.cmake
[0.713s] -- Installing: /home/mrxiuer/my_bot/install/my_bot/share/my_bot/package.xml
[0.715s] Invoked command in '/home/mrxiuer/my_bot/build/my_bot' returned '0': DEBUGINFOD_URLS=https://debuginfod.archlinux.org _=/usr/bin/env /usr/bin/cmake --install /home/mrxiuer/my_bot/build/my_bot
